t:\dev\monetsolution2010\monetdbbin\x64\debug\mclient.bsc
t:\dev\monetsolution2010\monetdbbin\x64\debug\mclient\vc140.pdb
t:\dev\monetsolution2010\monetdbbin\x64\debug\mclient\vc140.idb
t:\dev\monetsolution2010\monetdbbin\x64\debug\mclient\readlinetools.sbr
t:\dev\monetsolution2010\monetdbbin\x64\debug\mclient\prompt.sbr
t:\dev\monetsolution2010\monetdbbin\x64\debug\mclient\mclient.sbr
t:\dev\monetsolution2010\monetdbbin\x64\debug\mclient\dump.sbr
t:\dev\monetsolution2010\monetdbbin\x64\debug\mclient\dump.obj
t:\dev\monetsolution2010\monetdbbin\x64\debug\mclient\mclient.obj
t:\dev\monetsolution2010\monetdbbin\x64\debug\mclient\prompt.obj
t:\dev\monetsolution2010\monetdbbin\x64\debug\mclient\readlinetools.obj
t:\dev\monetsolution2010\monetdbbin\x64\debug\mclient.ilk
t:\dev\monetsolution2010\monetdbbin\x64\debug\mclient.exe
t:\dev\monetsolution2010\monetdbbin\x64\debug\mclient.pdb
t:\dev\monetsolution2010\monetdbsolution\mclient\..\..\monetdbbin\x64\debug\mclient.exe
t:\dev\monetsolution2010\monetdbbin\x64\debug\mclient\mclient.tlog\bscmake.command.1.tlog
t:\dev\monetsolution2010\monetdbbin\x64\debug\mclient\mclient.tlog\bscmake.read.1.tlog
t:\dev\monetsolution2010\monetdbbin\x64\debug\mclient\mclient.tlog\bscmake.write.1.tlog
t:\dev\monetsolution2010\monetdbbin\x64\debug\mclient\mclient.tlog\cl.command.1.tlog
t:\dev\monetsolution2010\monetdbbin\x64\debug\mclient\mclient.tlog\cl.read.1.tlog
t:\dev\monetsolution2010\monetdbbin\x64\debug\mclient\mclient.tlog\cl.write.1.tlog
t:\dev\monetsolution2010\monetdbbin\x64\debug\mclient\mclient.tlog\link.command.1.tlog
t:\dev\monetsolution2010\monetdbbin\x64\debug\mclient\mclient.tlog\link.read.1.tlog
t:\dev\monetsolution2010\monetdbbin\x64\debug\mclient\mclient.tlog\link.write.1.tlog
